RatebLee-Android-Full/app/build/intermediates/manifest_merge_blame_file/debug/processDebugMainManifest/manifest-merger-blame-debug-report.txt
1<?xml version="1.0" encoding="utf-8"?>
2<manifest xmlns:android="http://schemas.android.com/apk/res/android"
3    package="com.majedabdo.rateblee"
4    android:versionCode="1"
5    android:versionName="1.0" >
6
7    <uses-sdk
8        android:minSdkVersion="23"
9        android:targetSdkVersion="34" />
10
11    <uses-permission android:name="android.permission.INTERNET" />
11-->src\main\AndroidManifest.xml:3:5-66
11-->src\main\AndroidManifest.xml:3:22-64
12    <uses-permission android:name="android.permission.ACCESS_NETWORK_STATE" />
12-->src\main\AndroidManifest.xml:4:5-78
12-->src\main\AndroidManifest.xml:4:22-76
13    <uses-permission android:name="com.google.android.gms.permission.AD_ID" />
13-->[com.google.android.gms:play-services-ads-api:24.5.0] AndroidManifest.xml:26:5-79
13-->[com.google.android.gms:play-services-ads-api:24.5.0] AndroidManifest.xml:26:22-76
14    <uses-permission android:name="android.permission.ACCESS_ADSERVICES_AD_ID" />
14-->[com.google.android.gms:play-services-ads-api:24.5.0] AndroidManifest.xml:27:5-82
14-->[com.google.android.gms:play-services-ads-api:24.5.0] AndroidManifest.xml:27:22-79
15    <uses-permission android:name="android.permission.ACCESS_ADSERVICES_ATTRIBUTION" />
15-->[com.google.android.gms:play-services-ads-api:24.5.0] AndroidManifest.xml:28:5-88
15-->[com.google.android.gms:play-services-ads-api:24.5.0] AndroidManifest.xml:28:22-85
16    <uses-permission android:name="android.permission.ACCESS_ADSERVICES_TOPICS" /> <!-- Android package visibility setting -->
16-->[com.google.android.gms:play-services-ads-api:24.5.0] AndroidManifest.xml:29:5-83
16-->[com.google.android.gms:play-services-ads-api:24.5.0] AndroidManifest.xml:29:22-80
17    <queries>
17-->[com.google.android.gms:play-services-ads-api:24.5.0] AndroidManifest.xml:35:5-68:15
18
19        <!-- For browser content -->
20        <intent>
20-->[com.google.android.gms:play-services-ads-api:24.5.0] AndroidManifest.xml:38:9-44:18
21            <action android:name="android.intent.action.VIEW" />
21-->[com.google.android.gms:play-services-ads-api:24.5.0] AndroidManifest.xml:39:13-65
21-->[com.google.android.gms:play-services-ads-api:24.5.0] AndroidManifest.xml:39:21-62
22
23            <category android:name="android.intent.category.BROWSABLE" />
23-->[com.google.android.gms:play-services-ads-api:24.5.0] AndroidManifest.xml:41:13-74
23-->[com.google.android.gms:play-services-ads-api:24.5.0] AndroidManifest.xml:41:23-71
24
25            <data android:scheme="https" />
25-->[com.google.android.gms:play-services-ads-api:24.5.0] AndroidManifest.xml:43:13-44
25-->[com.google.android.gms:play-services-ads-api:24.5.0] AndroidManifest.xml:43:19-41
26        </intent>
27        <!-- End of browser content -->
28        <!-- For CustomTabsService -->
29        <intent>
29-->[com.google.android.gms:play-services-ads-api:24.5.0] AndroidManifest.xml:47:9-49:18
30            <action android:name="android.support.customtabs.action.CustomTabsService" />
30-->[com.google.android.gms:play-services-ads-api:24.5.0] AndroidManifest.xml:48:13-90
30-->[com.google.android.gms:play-services-ads-api:24.5.0] AndroidManifest.xml:48:21-87
31        </intent>
32        <!-- End of CustomTabsService -->
33        <!-- For MRAID capabilities -->
34        <intent>
34-->[com.google.android.gms:play-services-ads-api:24.5.0] AndroidManifest.xml:52:9-56:18
35            <action android:name="android.intent.action.INSERT" />
35-->[com.google.android.gms:play-services-ads-api:24.5.0] AndroidManifest.xml:53:13-67
35-->[com.google.android.gms:play-services-ads-api:24.5.0] AndroidManifest.xml:53:21-64
36
37            <data android:mimeType="vnd.android.cursor.dir/event" />
37-->[com.google.android.gms:play-services-ads-api:24.5.0] AndroidManifest.xml:43:13-44
38        </intent>
39        <intent>
39-->[com.google.android.gms:play-services-ads-api:24.5.0] AndroidManifest.xml:57:9-61:18
40            <action android:name="android.intent.action.VIEW" />
40-->[com.google.android.gms:play-services-ads-api:24.5.0] AndroidManifest.xml:39:13-65
40-->[com.google.android.gms:play-services-ads-api:24.5.0] AndroidManifest.xml:39:21-62
41
42            <data android:scheme="sms" />
42-->[com.google.android.gms:play-services-ads-api:24.5.0] AndroidManifest.xml:43:13-44
42-->[com.google.android.gms:play-services-ads-api:24.5.0] AndroidManifest.xml:43:19-41
43        </intent>
44        <intent>
44-->[com.google.android.gms:play-services-ads-api:24.5.0] AndroidManifest.xml:62:9-66:18
45            <action android:name="android.intent.action.DIAL" />
45-->[com.google.android.gms:play-services-ads-api:24.5.0] AndroidManifest.xml:63:13-65
45-->[com.google.android.gms:play-services-ads-api:24.5.0] AndroidManifest.xml:63:21-62
46
47            <data android:path="tel:" />
47-->[com.google.android.gms:play-services-ads-api:24.5.0] AndroidManifest.xml:43:13-44
48        </intent>
49        <!-- End of MRAID capabilities -->
50    </queries>
51
52    <uses-permission android:name="android.permission.WAKE_LOCK" />
52-->[com.google.android.gms:play-services-measurement-sdk-api:20.1.2] AndroidManifest.xml:25:5-68
52-->[com.google.android.gms:play-services-measurement-sdk-api:20.1.2] AndroidManifest.xml:25:22-65
53    <uses-permission android:name="android.permission.FOREGROUND_SERVICE" />
53-->[androidx.work:work-runtime:2.7.0] AndroidManifest.xml:28:5-77
53-->[androidx.work:work-runtime:2.7.0] AndroidManifest.xml:28:22-74
54
55    <permission
55-->[androidx.core:core:1.13.0] AndroidManifest.xml:22:5-24:47
56        android:name="com.majedabdo.rateblee.DYNAMIC_RECEIVER_NOT_EXPORTED_PERMISSION"
56-->[androidx.core:core:1.13.0] AndroidManifest.xml:23:9-81
57        android:protectionLevel="signature" />
57-->[androidx.core:core:1.13.0] AndroidManifest.xml:24:9-44
58
59    <uses-permission android:name="com.majedabdo.rateblee.DYNAMIC_RECEIVER_NOT_EXPORTED_PERMISSION" />
59-->[androidx.core:core:1.13.0] AndroidManifest.xml:26:5-97
59-->[androidx.core:core:1.13.0] AndroidManifest.xml:26:22-94
60
61    <application
61-->src\main\AndroidManifest.xml:6:5-27:19
62        android:allowBackup="true"
62-->src\main\AndroidManifest.xml:7:9-35
63        android:appComponentFactory="androidx.core.app.CoreComponentFactory"
63-->[androidx.core:core:1.13.0] AndroidManifest.xml:28:18-86
64        android:debuggable="true"
65        android:extractNativeLibs="false"
66        android:icon="@mipmap/ic_launcher"
66-->src\main\AndroidManifest.xml:9:9-43
67        android:label="@string/app_name"
67-->src\main\AndroidManifest.xml:8:9-41
68        android:roundIcon="@mipmap/ic_launcher_round"
68-->src\main\AndroidManifest.xml:10:9-54
69        android:supportsRtl="true"
69-->src\main\AndroidManifest.xml:11:9-35
70        android:testOnly="true"
71        android:theme="@style/Theme.RatebLee" >
71-->src\main\AndroidManifest.xml:12:9-46
72        <meta-data
72-->src\main\AndroidManifest.xml:14:9-16:69
73            android:name="com.google.android.gms.ads.APPLICATION_ID"
73-->src\main\AndroidManifest.xml:15:13-69
74            android:value="ca-app-pub-5393123447128437~3659606347" />
74-->src\main\AndroidManifest.xml:16:13-67
75
76        <activity
76-->src\main\AndroidManifest.xml:18:9-26:20
77            android:name="com.majedabdo.rateblee.MainActivity"
77-->src\main\AndroidManifest.xml:19:13-41
78            android:configChanges="orientation|screenSize|keyboardHidden"
78-->src\main\AndroidManifest.xml:21:13-74
79            android:exported="true" >
79-->src\main\AndroidManifest.xml:20:13-36
80            <intent-filter>
80-->src\main\AndroidManifest.xml:22:13-25:29
81                <action android:name="android.intent.action.MAIN" />
81-->src\main\AndroidManifest.xml:23:17-69
81-->src\main\AndroidManifest.xml:23:25-66
82
83                <category android:name="android.intent.category.LAUNCHER" />
83-->src\main\AndroidManifest.xml:24:17-77
83-->src\main\AndroidManifest.xml:24:27-74
84            </intent-filter>
85        </activity>
86        <!-- Include the AdActivity and InAppPurchaseActivity configChanges and themes. -->
87        <activity
87-->[com.google.android.gms:play-services-ads-api:24.5.0] AndroidManifest.xml:73:9-78:43
88            android:name="com.google.android.gms.ads.AdActivity"
88-->[com.google.android.gms:play-services-ads-api:24.5.0] AndroidManifest.xml:74:13-65
89            android:configChanges="keyboard|keyboardHidden|orientation|screenLayout|uiMode|screenSize|smallestScreenSize"
89-->[com.google.android.gms:play-services-ads-api:24.5.0] AndroidManifest.xml:75:13-122
90            android:exported="false"
90-->[com.google.android.gms:play-services-ads-api:24.5.0] AndroidManifest.xml:76:13-37
91            android:theme="@android:style/Theme.Translucent" />
91-->[com.google.android.gms:play-services-ads-api:24.5.0] AndroidManifest.xml:77:13-61
92
93        <provider
93-->[com.google.android.gms:play-services-ads-api:24.5.0] AndroidManifest.xml:80:9-85:43
94            android:name="com.google.android.gms.ads.MobileAdsInitProvider"
94-->[com.google.android.gms:play-services-ads-api:24.5.0] AndroidManifest.xml:81:13-76
95            android:authorities="com.majedabdo.rateblee.mobileadsinitprovider"
95-->[com.google.android.gms:play-services-ads-api:24.5.0] AndroidManifest.xml:82:13-73
96            android:exported="false"
96-->[com.google.android.gms:play-services-ads-api:24.5.0] AndroidManifest.xml:83:13-37
97            android:initOrder="100" />
97-->[com.google.android.gms:play-services-ads-api:24.5.0] AndroidManifest.xml:84:13-36
98
99        <service
99-->[com.google.android.gms:play-services-ads-api:24.5.0] AndroidManifest.xml:87:9-91:43
100            android:name="com.google.android.gms.ads.AdService"
100-->[com.google.android.gms:play-services-ads-api:24.5.0] AndroidManifest.xml:88:13-64
101            android:enabled="true"
101-->[com.google.android.gms:play-services-ads-api:24.5.0] AndroidManifest.xml:89:13-35
102            android:exported="false" />
102-->[com.google.android.gms:play-services-ads-api:24.5.0] AndroidManifest.xml:90:13-37
103
104        <activity
104-->[com.google.android.gms:play-services-ads-api:24.5.0] AndroidManifest.xml:93:9-97:43
105            android:name="com.google.android.gms.ads.OutOfContextTestingActivity"
105-->[com.google.android.gms:play-services-ads-api:24.5.0] AndroidManifest.xml:94:13-82
106            android:configChanges="keyboard|keyboardHidden|orientation|screenLayout|uiMode|screenSize|smallestScreenSize"
106-->[com.google.android.gms:play-services-ads-api:24.5.0] AndroidManifest.xml:95:13-122
107            android:exported="false" />
107-->[com.google.android.gms:play-services-ads-api:24.5.0] AndroidManifest.xml:96:13-37
108        <activity
108-->[com.google.android.gms:play-services-ads-api:24.5.0] AndroidManifest.xml:98:9-105:43
109            android:name="com.google.android.gms.ads.NotificationHandlerActivity"
109-->[com.google.android.gms:play-services-ads-api:24.5.0] AndroidManifest.xml:99:13-82
110            android:excludeFromRecents="true"
110-->[com.google.android.gms:play-services-ads-api:24.5.0] AndroidManifest.xml:100:13-46
111            android:exported="false"
111-->[com.google.android.gms:play-services-ads-api:24.5.0] AndroidManifest.xml:101:13-37
112            android:launchMode="singleTask"
112-->[com.google.android.gms:play-services-ads-api:24.5.0] AndroidManifest.xml:102:13-44
113            android:taskAffinity=""
113-->[com.google.android.gms:play-services-ads-api:24.5.0] AndroidManifest.xml:103:13-36
114            android:theme="@android:style/Theme.Translucent.NoTitleBar" />
114-->[com.google.android.gms:play-services-ads-api:24.5.0] AndroidManifest.xml:104:13-72
115
116        <meta-data
116-->[com.google.android.gms:play-services-ads-api:24.5.0] AndroidManifest.xml:107:9-109:36
117            android:name="com.google.android.gms.ads.flag.OPTIMIZE_AD_LOADING"
117-->[com.google.android.gms:play-services-ads-api:24.5.0] AndroidManifest.xml:108:13-79
118            android:value="true" />
118-->[com.google.android.gms:play-services-ads-api:24.5.0] AndroidManifest.xml:109:13-33
119        <meta-data
119-->[com.google.android.gms:play-services-ads-api:24.5.0] AndroidManifest.xml:110:9-112:36
120            android:name="com.google.android.gms.ads.flag.OPTIMIZE_INITIALIZATION"
120-->[com.google.android.gms:play-services-ads-api:24.5.0] AndroidManifest.xml:111:13-83
121            android:value="true" />
121-->[com.google.android.gms:play-services-ads-api:24.5.0] AndroidManifest.xml:112:13-33
122
123        <activity
123-->[com.google.android.gms:play-services-base:18.0.0] AndroidManifest.xml:20:9-22:45
124            android:name="com.google.android.gms.common.api.GoogleApiActivity"
124-->[com.google.android.gms:play-services-base:18.0.0] AndroidManifest.xml:20:19-85
125            android:exported="false"
125-->[com.google.android.gms:play-services-base:18.0.0] AndroidManifest.xml:22:19-43
126            android:theme="@android:style/Theme.Translucent.NoTitleBar" />
126-->[com.google.android.gms:play-services-base:18.0.0] AndroidManifest.xml:21:19-78
127
128        <meta-data
128-->[com.google.android.gms:play-services-basement:18.4.0] AndroidManifest.xml:6:9-122
129            android:name="com.google.android.gms.version"
129-->[com.google.android.gms:play-services-basement:18.4.0] AndroidManifest.xml:6:20-65
130            android:value="@integer/google_play_services_version" />
130-->[com.google.android.gms:play-services-basement:18.4.0] AndroidManifest.xml:6:66-119
131
132        <uses-library
132-->[androidx.privacysandbox.ads:ads-adservices:1.0.0-beta05] AndroidManifest.xml:23:9-25:40
133            android:name="android.ext.adservices"
133-->[androidx.privacysandbox.ads:ads-adservices:1.0.0-beta05] AndroidManifest.xml:24:13-50
134            android:required="false" />
134-->[androidx.privacysandbox.ads:ads-adservices:1.0.0-beta05] AndroidManifest.xml:25:13-37
135
136        <provider
136-->[androidx.emoji2:emoji2:1.3.0] AndroidManifest.xml:24:9-32:20
137            android:name="androidx.startup.InitializationProvider"
137-->[androidx.emoji2:emoji2:1.3.0] AndroidManifest.xml:25:13-67
138            android:authorities="com.majedabdo.rateblee.androidx-startup"
138-->[androidx.emoji2:emoji2:1.3.0] AndroidManifest.xml:26:13-68
139            android:exported="false" >
139-->[androidx.emoji2:emoji2:1.3.0] AndroidManifest.xml:27:13-37
140            <meta-data
140-->[androidx.emoji2:emoji2:1.3.0] AndroidManifest.xml:29:13-31:52
141                android:name="androidx.emoji2.text.EmojiCompatInitializer"
141-->[androidx.emoji2:emoji2:1.3.0] AndroidManifest.xml:30:17-75
142                android:value="androidx.startup" />
142-->[androidx.emoji2:emoji2:1.3.0] AndroidManifest.xml:31:17-49
143            <meta-data
143-->[androidx.work:work-runtime:2.7.0] AndroidManifest.xml:36:13-38:52
144                android:name="androidx.work.WorkManagerInitializer"
144-->[androidx.work:work-runtime:2.7.0] AndroidManifest.xml:37:17-68
145                android:value="androidx.startup" />
145-->[androidx.work:work-runtime:2.7.0] AndroidManifest.xml:38:17-49
146            <meta-data
146-->[androidx.lifecycle:lifecycle-process:2.6.2] AndroidManifest.xml:29:13-31:52
147                android:name="androidx.lifecycle.ProcessLifecycleInitializer"
147-->[androidx.lifecycle:lifecycle-process:2.6.2] AndroidManifest.xml:30:17-78
148                android:value="androidx.startup" />
148-->[androidx.lifecycle:lifecycle-process:2.6.2] AndroidManifest.xml:31:17-49
149            <meta-data
149-->[androidx.profileinstaller:profileinstaller:1.3.1] AndroidManifest.xml:29:13-31:52
150                android:name="androidx.profileinstaller.ProfileInstallerInitializer"
150-->[androidx.profileinstaller:profileinstaller:1.3.1] AndroidManifest.xml:30:17-85
151                android:value="androidx.startup" />
151-->[androidx.profileinstaller:profileinstaller:1.3.1] AndroidManifest.xml:31:17-49
152        </provider>
153
154        <service
154-->[androidx.work:work-runtime:2.7.0] AndroidManifest.xml:41:9-46:35
155            android:name="androidx.work.impl.background.systemalarm.SystemAlarmService"
155-->[androidx.work:work-runtime:2.7.0] AndroidManifest.xml:42:13-88
156            android:directBootAware="false"
156-->[androidx.work:work-runtime:2.7.0] AndroidManifest.xml:43:13-44
157            android:enabled="@bool/enable_system_alarm_service_default"
157-->[androidx.work:work-runtime:2.7.0] AndroidManifest.xml:44:13-72
158            android:exported="false" />
158-->[androidx.work:work-runtime:2.7.0] AndroidManifest.xml:45:13-37
159        <service
159-->[androidx.work:work-runtime:2.7.0] AndroidManifest.xml:47:9-53:35
160            android:name="androidx.work.impl.background.systemjob.SystemJobService"
160-->[androidx.work:work-runtime:2.7.0] AndroidManifest.xml:48:13-84
161            android:directBootAware="false"
161-->[androidx.work:work-runtime:2.7.0] AndroidManifest.xml:49:13-44
162            android:enabled="@bool/enable_system_job_service_default"
162-->[androidx.work:work-runtime:2.7.0] AndroidManifest.xml:50:13-70
163            android:exported="true"
163-->[androidx.work:work-runtime:2.7.0] AndroidManifest.xml:51:13-36
164            android:permission="android.permission.BIND_JOB_SERVICE" />
164-->[androidx.work:work-runtime:2.7.0] AndroidManifest.xml:52:13-69
165        <service
165-->[androidx.work:work-runtime:2.7.0] AndroidManifest.xml:54:9-59:35
166            android:name="androidx.work.impl.foreground.SystemForegroundService"
166-->[androidx.work:work-runtime:2.7.0] AndroidManifest.xml:55:13-81
167            android:directBootAware="false"
167-->[androidx.work:work-runtime:2.7.0] AndroidManifest.xml:56:13-44
168            android:enabled="@bool/enable_system_foreground_service_default"
168-->[androidx.work:work-runtime:2.7.0] AndroidManifest.xml:57:13-77
169            android:exported="false" />
169-->[androidx.work:work-runtime:2.7.0] AndroidManifest.xml:58:13-37
170
171        <receiver
171-->[androidx.work:work-runtime:2.7.0] AndroidManifest.xml:61:9-66:35
172            android:name="androidx.work.impl.utils.ForceStopRunnable$BroadcastReceiver"
172-->[androidx.work:work-runtime:2.7.0] AndroidManifest.xml:62:13-88
173            android:directBootAware="false"
173-->[androidx.work:work-runtime:2.7.0] AndroidManifest.xml:63:13-44
174            android:enabled="true"
174-->[androidx.work:work-runtime:2.7.0] AndroidManifest.xml:64:13-35
175            android:exported="false" />
175-->[androidx.work:work-runtime:2.7.0] AndroidManifest.xml:65:13-37
176        <receiver
176-->[androidx.work:work-runtime:2.7.0] AndroidManifest.xml:67:9-77:20
177            android:name="androidx.work.impl.background.systemalarm.ConstraintProxy$BatteryChargingProxy"
177-->[androidx.work:work-runtime:2.7.0] AndroidManifest.xml:68:13-106
178            android:directBootAware="false"
178-->[androidx.work:work-runtime:2.7.0] AndroidManifest.xml:69:13-44
179            android:enabled="false"
179-->[androidx.work:work-runtime:2.7.0] AndroidManifest.xml:70:13-36
180            android:exported="false" >
180-->[androidx.work:work-runtime:2.7.0] AndroidManifest.xml:71:13-37
181            <intent-filter>
181-->[androidx.work:work-runtime:2.7.0] AndroidManifest.xml:73:13-76:29
182                <action android:name="android.intent.action.ACTION_POWER_CONNECTED" />
182-->[androidx.work:work-runtime:2.7.0] AndroidManifest.xml:74:17-87
182-->[androidx.work:work-runtime:2.7.0] AndroidManifest.xml:74:25-84
183                <action android:name="android.intent.action.ACTION_POWER_DISCONNECTED" />
183-->[androidx.work:work-runtime:2.7.0] AndroidManifest.xml:75:17-90
183-->[androidx.work:work-runtime:2.7.0] AndroidManifest.xml:75:25-87
184            </intent-filter>
185        </receiver>
186        <receiver
186-->[androidx.work:work-runtime:2.7.0] AndroidManifest.xml:78:9-88:20
187            android:name="androidx.work.impl.background.systemalarm.ConstraintProxy$BatteryNotLowProxy"
187-->[androidx.work:work-runtime:2.7.0] AndroidManifest.xml:79:13-104
188            android:directBootAware="false"
188-->[androidx.work:work-runtime:2.7.0] AndroidManifest.xml:80:13-44
189            android:enabled="false"
189-->[androidx.work:work-runtime:2.7.0] AndroidManifest.xml:81:13-36
190            android:exported="false" >
190-->[androidx.work:work-runtime:2.7.0] AndroidManifest.xml:82:13-37
191            <intent-filter>
191-->[androidx.work:work-runtime:2.7.0] AndroidManifest.xml:84:13-87:29
192                <action android:name="android.intent.action.BATTERY_OKAY" />
192-->[androidx.work:work-runtime:2.7.0] AndroidManifest.xml:85:17-77
192-->[androidx.work:work-runtime:2.7.0] AndroidManifest.xml:85:25-74
193                <action android:name="android.intent.action.BATTERY_LOW" />
193-->[androidx.work:work-runtime:2.7.0] AndroidManifest.xml:86:17-76
193-->[androidx.work:work-runtime:2.7.0] AndroidManifest.xml:86:25-73
194            </intent-filter>
195        </receiver>
196        <receiver
196-->[androidx.work:work-runtime:2.7.0] AndroidManifest.xml:89:9-99:20
197            android:name="androidx.work.impl.background.systemalarm.ConstraintProxy$StorageNotLowProxy"
197-->[androidx.work:work-runtime:2.7.0] AndroidManifest.xml:90:13-104
198            android:directBootAware="false"
198-->[androidx.work:work-runtime:2.7.0] AndroidManifest.xml:91:13-44
199            android:enabled="false"
199-->[androidx.work:work-runtime:2.7.0] AndroidManifest.xml:92:13-36
200            android:exported="false" >
200-->[androidx.work:work-runtime:2.7.0] AndroidManifest.xml:93:13-37
201            <intent-filter>
201-->[androidx.work:work-runtime:2.7.0] AndroidManifest.xml:95:13-98:29
202                <action android:name="android.intent.action.DEVICE_STORAGE_LOW" />
202-->[androidx.work:work-runtime:2.7.0] AndroidManifest.xml:96:17-83
202-->[androidx.work:work-runtime:2.7.0] AndroidManifest.xml:96:25-80
203                <action android:name="android.intent.action.DEVICE_STORAGE_OK" />
203-->[androidx.work:work-runtime:2.7.0] AndroidManifest.xml:97:17-82
203-->[androidx.work:work-runtime:2.7.0] AndroidManifest.xml:97:25-79
204            </intent-filter>
205        </receiver>
206        <receiver
206-->[androidx.work:work-runtime:2.7.0] AndroidManifest.xml:100:9-109:20
207            android:name="androidx.work.impl.background.systemalarm.ConstraintProxy$NetworkStateProxy"
207-->[androidx.work:work-runtime:2.7.0] AndroidManifest.xml:101:13-103
208            android:directBootAware="false"
208-->[androidx.work:work-runtime:2.7.0] AndroidManifest.xml:102:13-44
209            android:enabled="false"
209-->[androidx.work:work-runtime:2.7.0] AndroidManifest.xml:103:13-36
210            android:exported="false" >
210-->[androidx.work:work-runtime:2.7.0] AndroidManifest.xml:104:13-37
211            <intent-filter>
211-->[androidx.work:work-runtime:2.7.0] AndroidManifest.xml:106:13-108:29
212                <action android:name="android.net.conn.CONNECTIVITY_CHANGE" />
212-->[androidx.work:work-runtime:2.7.0] AndroidManifest.xml:107:17-79
212-->[androidx.work:work-runtime:2.7.0] AndroidManifest.xml:107:25-76
213            </intent-filter>
214        </receiver>
215        <receiver
215-->[androidx.work:work-runtime:2.7.0] AndroidManifest.xml:110:9-121:20
216            android:name="androidx.work.impl.background.systemalarm.RescheduleReceiver"
216-->[androidx.work:work-runtime:2.7.0] AndroidManifest.xml:111:13-88
217            android:directBootAware="false"
217-->[androidx.work:work-runtime:2.7.0] AndroidManifest.xml:112:13-44
218            android:enabled="false"
218-->[androidx.work:work-runtime:2.7.0] AndroidManifest.xml:113:13-36
219            android:exported="false" >
219-->[androidx.work:work-runtime:2.7.0] AndroidManifest.xml:114:13-37
220            <intent-filter>
220-->[androidx.work:work-runtime:2.7.0] AndroidManifest.xml:116:13-120:29
221                <action android:name="android.intent.action.BOOT_COMPLETED" />
221-->[androidx.work:work-runtime:2.7.0] AndroidManifest.xml:117:17-79
221-->[androidx.work:work-runtime:2.7.0] AndroidManifest.xml:117:25-76
222                <action android:name="android.intent.action.TIME_SET" />
222-->[androidx.work:work-runtime:2.7.0] AndroidManifest.xml:118:17-73
222-->[androidx.work:work-runtime:2.7.0] AndroidManifest.xml:118:25-70
223                <action android:name="android.intent.action.TIMEZONE_CHANGED" />
223-->[androidx.work:work-runtime:2.7.0] AndroidManifest.xml:119:17-81
223-->[androidx.work:work-runtime:2.7.0] AndroidManifest.xml:119:25-78
224            </intent-filter>
225        </receiver>
226        <receiver
226-->[androidx.work:work-runtime:2.7.0] AndroidManifest.xml:122:9-131:20
227            android:name="androidx.work.impl.background.systemalarm.ConstraintProxyUpdateReceiver"
227-->[androidx.work:work-runtime:2.7.0] AndroidManifest.xml:123:13-99
228            android:directBootAware="false"
228-->[androidx.work:work-runtime:2.7.0] AndroidManifest.xml:124:13-44
229            android:enabled="@bool/enable_system_alarm_service_default"
229-->[androidx.work:work-runtime:2.7.0] AndroidManifest.xml:125:13-72
230            android:exported="false" >
230-->[androidx.work:work-runtime:2.7.0] AndroidManifest.xml:126:13-37
231            <intent-filter>
231-->[androidx.work:work-runtime:2.7.0] AndroidManifest.xml:128:13-130:29
232                <action android:name="androidx.work.impl.background.systemalarm.UpdateProxies" />
232-->[androidx.work:work-runtime:2.7.0] AndroidManifest.xml:129:17-98
232-->[androidx.work:work-runtime:2.7.0] AndroidManifest.xml:129:25-95
233            </intent-filter>
234        </receiver>
235        <receiver
235-->[androidx.work:work-runtime:2.7.0] AndroidManifest.xml:132:9-142:20
236            android:name="androidx.work.impl.diagnostics.DiagnosticsReceiver"
236-->[androidx.work:work-runtime:2.7.0] AndroidManifest.xml:133:13-78
237            android:directBootAware="false"
237-->[androidx.work:work-runtime:2.7.0] AndroidManifest.xml:134:13-44
238            android:enabled="true"
238-->[androidx.work:work-runtime:2.7.0] AndroidManifest.xml:135:13-35
239            android:exported="true"
239-->[androidx.work:work-runtime:2.7.0] AndroidManifest.xml:136:13-36
240            android:permission="android.permission.DUMP" >
240-->[androidx.work:work-runtime:2.7.0] AndroidManifest.xml:137:13-57
241            <intent-filter>
241-->[androidx.work:work-runtime:2.7.0] AndroidManifest.xml:139:13-141:29
242                <action android:name="androidx.work.diagnostics.REQUEST_DIAGNOSTICS" />
242-->[androidx.work:work-runtime:2.7.0] AndroidManifest.xml:140:17-88
242-->[androidx.work:work-runtime:2.7.0] AndroidManifest.xml:140:25-85
243            </intent-filter>
244        </receiver>
245        <receiver
245-->[androidx.profileinstaller:profileinstaller:1.3.1] AndroidManifest.xml:34:9-52:20
246            android:name="androidx.profileinstaller.ProfileInstallReceiver"
246-->[androidx.profileinstaller:profileinstaller:1.3.1] AndroidManifest.xml:35:13-76
247            android:directBootAware="false"
247-->[androidx.profileinstaller:profileinstaller:1.3.1] AndroidManifest.xml:36:13-44
248            android:enabled="true"
248-->[androidx.profileinstaller:profileinstaller:1.3.1] AndroidManifest.xml:37:13-35
249            android:exported="true"
249-->[androidx.profileinstaller:profileinstaller:1.3.1] AndroidManifest.xml:38:13-36
250            android:permission="android.permission.DUMP" >
250-->[androidx.profileinstaller:profileinstaller:1.3.1] AndroidManifest.xml:39:13-57
251            <intent-filter>
251-->[androidx.profileinstaller:profileinstaller:1.3.1] AndroidManifest.xml:40:13-42:29
252                <action android:name="androidx.profileinstaller.action.INSTALL_PROFILE" />
252-->[androidx.profileinstaller:profileinstaller:1.3.1] AndroidManifest.xml:41:17-91
252-->[androidx.profileinstaller:profileinstaller:1.3.1] AndroidManifest.xml:41:25-88
253            </intent-filter>
254            <intent-filter>
254-->[androidx.profileinstaller:profileinstaller:1.3.1] AndroidManifest.xml:43:13-45:29
255                <action android:name="androidx.profileinstaller.action.SKIP_FILE" />
255-->[androidx.profileinstaller:profileinstaller:1.3.1] AndroidManifest.xml:44:17-85
255-->[androidx.profileinstaller:profileinstaller:1.3.1] AndroidManifest.xml:44:25-82
256            </intent-filter>
257            <intent-filter>
257-->[androidx.profileinstaller:profileinstaller:1.3.1] AndroidManifest.xml:46:13-48:29
258                <action android:name="androidx.profileinstaller.action.SAVE_PROFILE" />
258-->[androidx.profileinstaller:profileinstaller:1.3.1] AndroidManifest.xml:47:17-88
258-->[androidx.profileinstaller:profileinstaller:1.3.1] AndroidManifest.xml:47:25-85
259            </intent-filter>
260            <intent-filter>
260-->[androidx.profileinstaller:profileinstaller:1.3.1] AndroidManifest.xml:49:13-51:29
261                <action android:name="androidx.profileinstaller.action.BENCHMARK_OPERATION" />
261-->[androidx.profileinstaller:profileinstaller:1.3.1] AndroidManifest.xml:50:17-95
261-->[androidx.profileinstaller:profileinstaller:1.3.1] AndroidManifest.xml:50:25-92
262            </intent-filter>
263        </receiver>
264
265        <service
265-->[androidx.room:room-runtime:2.2.5] AndroidManifest.xml:25:9-28:40
266            android:name="androidx.room.MultiInstanceInvalidationService"
266-->[androidx.room:room-runtime:2.2.5] AndroidManifest.xml:26:13-74
267            android:directBootAware="true"
267-->[androidx.room:room-runtime:2.2.5] AndroidManifest.xml:27:13-43
268            android:exported="false" />
268-->[androidx.room:room-runtime:2.2.5] AndroidManifest.xml:28:13-37
269    </application>
270
271</manifest>